2023-06-08 21:21:57:2157 [35mhttp[39m: [35mPOST /prediction/ringworm 404 159 - 12.342 ms[39m
[35m[39m
2023-06-08 21:22:33:2233 [35mhttp[39m: [35mPOST /prediction/ringworm 404 159 - 3.184 ms[39m
[35m[39m
2023-06-08 21:24:27:2427 [35mhttp[39m: [35mPOST /prediction/ringworm - - - - ms[39m
[35m[39m
2023-06-08 22:04:36:436 [35mhttp[39m: [35mPOST /prediction/ringworm 500 33 - 11.571 ms[39m
[35m[39m
2023-06-08 22:05:53:553 [35mhttp[39m: [35mPOST /prediction/ringworm 500 33 - 12.322 ms[39m
[35m[39m
2023-06-08 22:07:43:743 [35mhttp[39m: [35mPOST /prediction/ringworm 500 33 - 11.691 ms[39m
[35m[39m
2023-06-08 22:08:45:845 [35mhttp[39m: [35mPOST /prediction/ringworm 500 33 - 19.220 ms[39m
[35m[39m
2023-06-08 22:10:19:1019 [35mhttp[39m: [35mPOST /prediction/ringworm 500 33 - 16.762 ms[39m
[35m[39m
2023-06-08 22:12:07:127 [35mhttp[39m: [35mPOST /prediction/ringworm 500 33 - 18.535 ms[39m
[35m[39m
2023-06-08 22:16:11:1611 [35mhttp[39m: [35mPOST /prediction/ringworm 500 33 - 21.265 ms[39m
[35m[39m
2023-06-08 22:17:27:1727 [35mhttp[39m: [35mPOST /prediction/ringworm 500 33 - 23.163 ms[39m
[35m[39m
2023-06-08 22:18:56:1856 [35mhttp[39m: [35mPOST /prediction/ringworm 500 33 - 35.639 ms[39m
[35m[39m
2023-06-08 22:30:22:3022 [35mhttp[39m: [35mPOST /prediction/ringworm 500 33 - 11958.197 ms[39m
[35m[39m
2023-06-08 22:31:17:3117 [35mhttp[39m: [35mPOST /prediction/ringworm 200 868 - 8086.049 ms[39m
[35m[39m
2023-06-08 22:31:47:3147 [35mhttp[39m: [35mPOST /prediction/ringworm 200 864 - 7982.270 ms[39m
[35m[39m
2023-06-08 23:23:01:231 [35mhttp[39m: [35mPOST /prediction/ringworm 200 864 - 2103.904 ms[39m
[35m[39m
2023-06-09 17:02:24:224 [35mhttp[39m: [35mPOST /prediction/ringworm 500 33 - 13.112 ms[39m
[35m[39m
2023-06-09 17:04:42:442 [35mhttp[39m: [35mPOST /prediction/ringworm 500 33 - 10.598 ms[39m
[35m[39m
2023-06-09 17:08:45:845 [35mhttp[39m: [35mPOST /prediction/ringworm 500 33 - 7.373 ms[39m
[35m[39m
2023-06-09 17:09:04:94 [35mhttp[39m: [35mPOST /prediction/ringworm 200 868 - 8754.178 ms[39m
[35m[39m
2023-06-09 17:09:26:926 [35mhttp[39m: [35mPOST /prediction/ringworm 200 868 - 8122.548 ms[39m
[35m[39m
2023-06-09 17:09:43:943 [35mhttp[39m: [35mPOST /prediction/ringworm 200 864 - 7844.108 ms[39m
[35m[39m
2023-06-10 13:38:17:3817 [35mhttp[39m: [35mGET /kucing 500 1488 - 19.218 ms[39m
[35m[39m
2023-06-10 13:50:27:5027 [35mhttp[39m: [35mGET /user 404 143 - 422.243 ms[39m
[35m[39m
2023-06-10 13:54:20:5420 [35mhttp[39m: [35mGET /user 404 143 - 14.657 ms[39m
[35m[39m
2023-06-10 13:55:43:5543 [35mhttp[39m: [35mGET /user 404 143 - 2.906 ms[39m
[35m[39m
2023-06-10 13:56:25:5625 [35mhttp[39m: [35mPOST /user/ 404 145 - 0.488 ms[39m
[35m[39m
2023-06-10 13:58:06:586 [35mhttp[39m: [35mGET /kucing 500 1488 - 72.351 ms[39m
[35m[39m
2023-06-10 14:00:11:011 [35mhttp[39m: [35mGET /kucing 500 1488 - 2.099 ms[39m
[35m[39m
2023-06-10 14:02:24:224 [35mhttp[39m: [35mGET /user/ 404 144 - 1.259 ms[39m
[35m[39m
2023-06-10 14:05:03:53 [35mhttp[39m: [35mGET /user/6483f370bd2d0bdaa3e25b4 500 1485 - 114.899 ms[39m
[35m[39m
2023-06-10 14:07:06:76 [35mhttp[39m: [35mGET /user/6483f370bd2d0bdaa3e25b4 500 1485 - 5.726 ms[39m
[35m[39m
2023-06-10 14:11:18:1118 [35mhttp[39m: [35mGET /user/6483f370bd2d0bdaa3e25b4 500 122 - 21.854 ms[39m
[35m[39m
2023-06-10 14:12:18:1218 [35mhttp[39m: [35mGET /user 404 143 - 7.870 ms[39m
[35m[39m
2023-06-10 14:13:52:1352 [35mhttp[39m: [35mGET /user/6483f370bd2d0bdaa3e25b4 500 122 - 2.148 ms[39m
[35m[39m
2023-06-10 14:15:11:1511 [35mhttp[39m: [35mGET /user/6483f370bd2d0bdaa3e25b4 500 122 - 2.689 ms[39m
[35m[39m
2023-06-10 14:15:50:1550 [35mhttp[39m: [35mGET /user/6483f370bd2d0bdaa3e25b43 200 188 - 49.768 ms[39m
[35m[39m
2023-06-10 14:21:17:2117 [35mhttp[39m: [35mPUT /user/6483f370bd2d0bdaa3e25b43 500 1508 - 4.020 ms[39m
[35m[39m
2023-06-10 14:22:32:2232 [35mhttp[39m: [35mPUT /user/6483f370bd2d0bdaa3e25b43 500 1508 - 1.201 ms[39m
[35m[39m
2023-06-10 14:26:48:2648 [35mhttp[39m: [35mPUT /user/6483f370bd2d0bdaa3e25b43 500 1508 - 0.592 ms[39m
[35m[39m
2023-06-10 14:27:00:270 [35mhttp[39m: [35mPUT /user/6483f370bd2d0bdaa3e25b43 500 1508 - 0.973 ms[39m
[35m[39m
2023-06-10 14:27:54:2754 [35mhttp[39m: [35mPUT /user/6483f370bd2d0bdaa3e25b43 500 1508 - 0.606 ms[39m
[35m[39m
2023-06-10 14:30:39:3039 [35mhttp[39m: [35mPUT /user/6483f370bd2d0bdaa3e25b43 200 194 - 97.255 ms[39m
[35m[39m
2023-06-10 14:31:48:3148 [35mhttp[39m: [35mDELETE /kucing/6483f370bd2d0bdaa3e25b43 500 1512 - 89.610 ms[39m
[35m[39m
2023-06-10 14:32:52:3252 [35mhttp[39m: [35mDELETE /kucing/6483f370bd2d0bdaa3e25b43 500 1512 - 2.391 ms[39m
[35m[39m
2023-06-10 14:33:56:3356 [35mhttp[39m: [35mDELETE /kucing/6483f370bd2d0bdaa3e25b43 500 1512 - 13.622 ms[39m
[35m[39m
2023-06-10 14:34:59:3459 [35mhttp[39m: [35mDELETE /kucing/6483f370bd2d0bdaa3e25b43 500 1512 - 3.606 ms[39m
[35m[39m
2023-06-10 14:35:54:3554 [35mhttp[39m: [35mDELETE /kucing/6483f370bd2d0bdaa3e25b43 500 1512 - 1.104 ms[39m
[35m[39m
2023-06-10 14:36:25:3625 [35mhttp[39m: [35mDELETE /kucing/6483f370bd2d0bdaa3e25b43 500 1512 - 7.679 ms[39m
[35m[39m
2023-06-10 14:37:31:3731 [35mhttp[39m: [35mDELETE /kucing/6483f370bd2d0bdaa3e25b43 500 1512 - 4.190 ms[39m
[35m[39m
2023-06-10 14:38:50:3850 [35mhttp[39m: [35mDELETE /kucing/6483f370bd2d0bdaa3e25b43 500 1512 - 1.337 ms[39m
[35m[39m
2023-06-10 14:39:34:3934 [35mhttp[39m: [35mGET /user/6483f370bd2d0bdaa3e25b43 200 194 - 92.045 ms[39m
[35m[39m
2023-06-10 14:40:31:4031 [35mhttp[39m: [35mDELETE /user/6483f370bd2d0bdaa3e25b43 500 1452 - 3.500 ms[39m
[35m[39m
2023-06-10 14:41:03:413 [35mhttp[39m: [35mDELETE /user/6483f370bd2d0bdaa3e25b43 500 1452 - 1.298 ms[39m
[35m[39m
2023-06-10 14:42:12:4212 [35mhttp[39m: [35mDELETE /user/6483f370bd2d0bdaa3e25b43 500 1452 - 1.315 ms[39m
[35m[39m
2023-06-10 14:43:36:4336 [35mhttp[39m: [35mDELETE /user/6483f370bd2d0bdaa3e25b43 500 1452 - 2.293 ms[39m
[35m[39m
2023-06-10 14:44:51:4451 [35mhttp[39m: [35mDELETE /user/6483f370bd2d0bdaa3e25b43 500 1452 - 1.794 ms[39m
[35m[39m
2023-06-10 14:45:04:454 [35mhttp[39m: [35mDELETE /user/6483f370bd2d0bdaa3e25b43 500 1452 - 4.757 ms[39m
[35m[39m
2023-06-10 14:46:28:4628 [35mhttp[39m: [35mDELETE /user/6483f370bd2d0bdaa3e25b43 500 1452 - 1.474 ms[39m
[35m[39m
2023-06-10 14:47:30:4730 [35mhttp[39m: [35mDELETE /user/6483f370bd2d0bdaa3e25b43 500 1452 - 1.814 ms[39m
[35m[39m
2023-06-10 14:48:58:4858 [35mhttp[39m: [35mGET /kucing 200 159 - 68.935 ms[39m
[35m[39m
2023-06-10 14:49:17:4917 [35mhttp[39m: [35mGET /kucing/6481bb677da1a311a30e2d63 500 1489 - 1.281 ms[39m
[35m[39m
2023-06-10 14:50:21:5021 [35mhttp[39m: [35mGET /kucing/6481bb677da1a311a30e2d63 500 1489 - 1.339 ms[39m
[35m[39m
2023-06-10 14:50:57:5057 [35mhttp[39m: [35mGET /kucing/6481bb677da1a311a30e2d63 500 1489 - 1.310 ms[39m
[35m[39m
2023-06-10 14:52:02:522 [35mhttp[39m: [35mGET /kucing/6481bb677da1a311a30e2d63 500 1489 - 1.643 ms[39m
[35m[39m
2023-06-10 14:52:56:5256 [35mhttp[39m: [35mGET /kucing 200 159 - 109.912 ms[39m
[35m[39m
2023-06-10 14:53:21:5321 [35mhttp[39m: [35mGET /kucing/6481bb677da1a311a30e2d63 200 157 - 87.239 ms[39m
[35m[39m
2023-06-10 14:57:29:5729 [35mhttp[39m: [35mPUT /kucing/6481bb677da1a311a30e2d63 500 1512 - 23.534 ms[39m
[35m[39m
2023-06-10 14:58:57:5857 [35mhttp[39m: [35mPUT /kucing/6481bb677da1a311a30e2d63 500 1512 - 3.204 ms[39m
[35m[39m
2023-06-10 14:59:16:5916 [35mhttp[39m: [35mPUT /kucing/6481bb677da1a311a30e2d63 500 1512 - 2.920 ms[39m
[35m[39m
2023-06-10 15:00:10:010 [35mhttp[39m: [35mPUT /kucing/6481bb677da1a311a30e2d63 500 1512 - 3.690 ms[39m
[35m[39m
2023-06-10 15:12:25:1225 [35mhttp[39m: [35mGET /kucing 200 159 - 1390.104 ms[39m
[35m[39m
2023-06-10 15:12:30:1230 [35mhttp[39m: [35mGET /kucing/6481bb677da1a311a30e2d63 200 157 - 89.828 ms[39m
[35m[39m
2023-06-10 15:16:42:1642 [35mhttp[39m: [35mPOST /kucing 500 236 - 43.148 ms[39m
[35m[39m
2023-06-10 15:18:14:1814 [35mhttp[39m: [35mPUT /kucing/6481bb677da1a311a30e2d63 200 157 - 53.472 ms[39m
[35m[39m
2023-06-10 15:18:43:1843 [35mhttp[39m: [35mPUT /kucing/6481bb677da1a311a30e2d63 200 157 - 34.000 ms[39m
[35m[39m
2023-06-10 15:19:14:1914 [35mhttp[39m: [35mPUT /kucing/6481bb677da1a311a30e2d63 200 157 - 35.346 ms[39m
[35m[39m
2023-06-10 15:19:30:1930 [35mhttp[39m: [35mPUT /kucing/6481bb677da1a311a30e2d63 200 157 - 41.031 ms[39m
[35m[39m
2023-06-10 15:20:13:2013 [35mhttp[39m: [35mPUT /kucing/6481bb677da1a311a30e2d63 200 155 - 57.737 ms[39m
[35m[39m
2023-06-10 15:22:44:2244 [35mhttp[39m: [35mPUT /kucing/6481bb677da1a311a30e2d63 200 155 - 38.968 ms[39m
[35m[39m
2023-06-10 15:23:54:2354 [35mhttp[39m: [35mPOST /kucing 500 236 - 113.363 ms[39m
[35m[39m
2023-06-10 15:24:28:2428 [35mhttp[39m: [35mPOST /kucing 500 236 - 7.326 ms[39m
[35m[39m
2023-06-10 15:24:51:2451 [35mhttp[39m: [35mDELETE /kucing/6481bb677da1a311a30e2d63 500 1512 - 84.197 ms[39m
[35m[39m
2023-06-10 15:25:46:2546 [35mhttp[39m: [35mDELETE /kucing/6481bb677da1a311a30e2d63 500 1512 - 2.197 ms[39m
[35m[39m
2023-06-10 15:26:41:2641 [35mhttp[39m: [35mDELETE /kucing/6481bb677da1a311a30e2d63 500 1512 - 1.219 ms[39m
[35m[39m
2023-06-10 15:28:56:2856 [35mhttp[39m: [35mGET /user 404 143 - 72.009 ms[39m
[35m[39m
2023-06-10 15:29:15:2915 [35mhttp[39m: [35mGET /user/6483f370bd2d0bdaa3e25b43 200 194 - 201.601 ms[39m
[35m[39m
2023-06-10 15:29:21:2921 [35mhttp[39m: [35mGET /user 404 143 - 1.020 ms[39m
[35m[39m
2023-06-10 15:30:08:308 [35mhttp[39m: [35mPUT /user/6483f370bd2d0bdaa3e25b43 200 198 - 90.727 ms[39m
[35m[39m
2023-06-10 15:31:41:3141 [35mhttp[39m: [35mDELETE /user/6483f370bd2d0bdaa3e25b43 500 1508 - 26.246 ms[39m
[35m[39m
2023-06-10 15:32:58:3258 [35mhttp[39m: [35mDELETE /user/6483f370bd2d0bdaa3e25b43 500 1508 - 3.360 ms[39m
[35m[39m
2023-06-10 15:34:21:3421 [35mhttp[39m: [35mDELETE /user/6483f370bd2d0bdaa3e25b43 500 1508 - 1.291 ms[39m
[35m[39m
2023-06-10 15:35:50:3550 [35mhttp[39m: [35mDELETE /user/6483f370bd2d0bdaa3e25b43 200 39 - 178.203 ms[39m
[35m[39m
2023-06-10 15:36:34:3634 [35mhttp[39m: [35mGET /kucing 200 157 - 63.543 ms[39m
[35m[39m
2023-06-10 15:36:40:3640 [35mhttp[39m: [35mGET /kucing/6481bb677da1a311a30e2d63 200 155 - 81.630 ms[39m
[35m[39m
2023-06-10 15:36:46:3646 [35mhttp[39m: [35mPOST /kucing 500 236 - 80.166 ms[39m
[35m[39m
2023-06-10 15:37:10:3710 [35mhttp[39m: [35mPUT /kucing/6481bb677da1a311a30e2d63 200 155 - 51.173 ms[39m
[35m[39m
2023-06-10 15:37:24:3724 [35mhttp[39m: [35mPUT /kucing/6481bb677da1a311a30e2d63 200 154 - 49.752 ms[39m
[35m[39m
2023-06-10 15:37:36:3736 [35mhttp[39m: [35mDELETE /kucing/6481bb677da1a311a30e2d63 200 37 - 49.751 ms[39m
[35m[39m
2023-06-10 15:39:20:3920 [35mhttp[39m: [35mGET /dokter 200 422 - 70.990 ms[39m
[35m[39m
2023-06-10 15:39:48:3948 [35mhttp[39m: [35mGET /dokter/648070a9dcf3b479c47b2f61 200 210 - 54.403 ms[39m
[35m[39m
2023-06-10 15:47:48:4748 [35mhttp[39m: [35mPOST /dokter 200 131 - 140.066 ms[39m
[35m[39m
2023-06-10 15:49:51:4951 [35mhttp[39m: [35mPUT /dokter/648438b437b70366d7e0a062 500 1512 - 3.637 ms[39m
[35m[39m
2023-06-10 15:50:24:5024 [35mhttp[39m: [35mPUT /dokter/648438b437b70366d7e0a062 500 1512 - 2.710 ms[39m
[35m[39m
2023-06-10 15:51:28:5128 [35mhttp[39m: [35mPUT /dokter/648438b437b70366d7e0a062 500 1512 - 1.977 ms[39m
[35m[39m
2023-06-10 15:51:32:5132 [35mhttp[39m: [35mPUT /dokter/648438b437b70366d7e0a062 500 1512 - 1.258 ms[39m
[35m[39m
2023-06-10 15:52:12:5212 [35mhttp[39m: [35mDELETE /dokter/648438b437b70366d7e0a062 500 1512 - 2.587 ms[39m
[35m[39m
2023-06-10 15:55:23:5523 [35mhttp[39m: [35mGET /artikel 500 1490 - 1.574 ms[39m
[35m[39m
2023-06-10 15:56:27:5627 [35mhttp[39m: [35mGET /artikel 500 1490 - 1.696 ms[39m
[35m[39m
2023-06-10 15:58:47:5847 [35mhttp[39m: [35mGET /artikel 200 98 - 102.116 ms[39m
[35m[39m
2023-06-10 15:59:00:590 [35mhttp[39m: [35mPUT /dokter/648438b437b70366d7e0a062 200 128 - 89.427 ms[39m
[35m[39m
2023-06-10 15:59:06:596 [35mhttp[39m: [35mDELETE /dokter/648438b437b70366d7e0a062 500 1512 - 50.829 ms[39m
[35m[39m
2023-06-10 15:59:22:5922 [35mhttp[39m: [35mGET /artikel 200 98 - 48.391 ms[39m
[35m[39m
2023-06-11 11:02:29:229 [35mhttp[39m: [35mPOST /prediction 404 150 - 11.218 ms[39m
[35m[39m
2023-06-11 11:05:24:524 [35mhttp[39m: [35mPOST /prediction/ringworm 500 33 - 464.193 ms[39m
[35m[39m
2023-06-11 11:11:12:1112 [35mhttp[39m: [35mPOST /prediction/ringworm 500 33 - 212.359 ms[39m
[35m[39m
2023-06-11 11:11:32:1132 [35mhttp[39m: [35mGET /user/6483f370bd2d0bdaa3e25b43 404 26 - 128.721 ms[39m
[35m[39m
2023-06-11 11:14:58:1458 [35mhttp[39m: [35mGET /user/6478d1fa699bd2872d439c91 200 259 - 990.536 ms[39m
[35m[39m
2023-06-11 11:21:15:2115 [35mhttp[39m: [35mPUT /user/6478d1fa699bd2872d439c91 200 243 - 600.742 ms[39m
[35m[39m
2023-06-11 11:22:33:2233 [35mhttp[39m: [35mPUT /user/6478d1fa699bd2872d439c91 200 243 - 123.377 ms[39m
[35m[39m
2023-06-11 11:25:35:2535 [35mhttp[39m: [35mGET /dokter 200 130 - 951.898 ms[39m
[35m[39m
2023-06-11 11:25:44:2544 [35mhttp[39m: [35mGET /dokter/648070a9dcf3b479c47b2f61 200 4 - 227.820 ms[39m
[35m[39m
2023-06-11 11:26:28:2628 [35mhttp[39m: [35mGET /dokter/648438b437b70366d7e0a062 200 128 - 281.803 ms[39m
[35m[39m
2023-06-11 11:27:10:2710 [35mhttp[39m: [35mPUT /dokter/648438b437b70366d7e0a062 200 165 - 522.703 ms[39m
[35m[39m
2023-06-11 11:29:31:2931 [35mhttp[39m: [35mPOST /dokter 500 176 - 715.865 ms[39m
[35m[39m
2023-06-11 11:32:59:3259 [35mhttp[39m: [35mPOST /prediction/ringworm 500 33 - 2401.083 ms[39m
[35m[39m
2023-06-11 11:49:25:4925 [35mhttp[39m: [35mPOST /register 404 148 - 426.831 ms[39m
[35m[39m
2023-06-11 11:50:23:5023 [35mhttp[39m: [35mPOST /auth/register 201 56 - 17443.294 ms[39m
[35m[39m
2023-06-11 11:51:36:5136 [35mhttp[39m: [35mPOST /auth/login 200 247 - 484.354 ms[39m
[35m[39m
2023-06-11 11:55:36:5536 [35mhttp[39m: [35mPOST /prediction/ringworm 500 33 - 93.007 ms[39m
[35m[39m
2023-06-11 12:08:47:847 [35mhttp[39m: [35mPOST /prediction/ringworm 500 33 - 191.068 ms[39m
[35m[39m
2023-06-11 12:11:23:1123 [35mhttp[39m: [35mPOST /dokter 200 199 - 88.403 ms[39m
[35m[39m
2023-06-11 12:11:36:1136 [35mhttp[39m: [35mPOST /dokter 500 176 - 20.898 ms[39m
[35m[39m
2023-06-11 12:13:27:1327 [35mhttp[39m: [35mGET /user 404 143 - 5.389 ms[39m
[35m[39m
2023-06-11 12:13:39:1339 [35mhttp[39m: [35mGET /user/6478d1fa699bd2872d439c91 200 243 - 82.670 ms[39m
[35m[39m
2023-06-11 12:14:22:1422 [35mhttp[39m: [35mPUT /user/6478d1fa699bd2872d439c91 200 243 - 50.436 ms[39m
[35m[39m
2023-06-11 12:14:38:1438 [35mhttp[39m: [35mPUT /dokter/648438b437b70366d7e0a062 200 165 - 34.206 ms[39m
[35m[39m
2023-06-11 12:14:52:1452 [35mhttp[39m: [35mPOST /dokter 200 199 - 46.444 ms[39m
[35m[39m
2023-06-11 12:17:03:173 [35mhttp[39m: [35mPOST /dokter 500 176 - 5.076 ms[39m
[35m[39m
